Added Component: Designator=C1(CAPC7343)
Added Component: Designator=C2(CAPC3216)
Added Component: Designator=C3(CAPC3216)
Added Component: Designator=C4(CAPC3216)
Added Component: Designator=C5(CAPC3216)
Added Component: Designator=C6(CAPC3216)
Added Component: Designator=C7(CAPC3216)
Added Component: Designator=C8(CAPC3216)
Added Component: Designator=C9(CAPC3216)
Added Component: Designator=C10(CAPC3216)
Added Component: Designator=C11(CAPC7343)
Added Component: Designator=C12(CAPC7343)
Added Component: Designator=C13(CAP0805)
Added Component: Designator=C14(CAP0805)
Added Component: Designator=D1(DO-35)
Added Component: Designator=D2(DO-35)
Added Component: Designator=D22(SOT23)
Added Component: Designator=D23(SOT23)
Added Component: Designator=D24(SOT23)
Added Component: Designator=K1(G5LA)
Added Component: Designator=K2(G5LA)
Added Component: Designator=L1(CM45)
Added Component: Designator=P1(HDR1X2)
Added Component: Designator=P2(Socket 3x5.08)
Added Component: Designator=P3(Socket 3x5.08)
Added Component: Designator=P4(Socket 2x5.08)
Added Component: Designator=P5(Molex FPC/FFC 10pin)
Added Component: Designator=P_ADC(HDR1X3)
Added Component: Designator=P_ENCODER(HDR1X4)
Added Component: Designator=PDI P1(Header 3x2)
Added Component: Designator=Q1(SOT23)
Added Component: Designator=Q2(SOT23)
Added Component: Designator=R1(RES0805)
Added Component: Designator=R2(RES0805)
Added Component: Designator=R3(RES0805)
Added Component: Designator=R4(RES0805)
Added Component: Designator=R5(RES0805)
Added Component: Designator=R6(RES0805)
Added Component: Designator=R7(RES0805)
Added Component: Designator=R8(RES0805)
Added Component: Designator=R9(RES0805)
Added Component: Designator=R10(RES0805)
Added Component: Designator=R11(RES0805)
Added Component: Designator=R12(RES0805)
Added Component: Designator=R13(RES0805)
Added Component: Designator=R14(RES0805)
Added Component: Designator=R15(RES0805)
Added Component: Designator=R16(RES0805)
Added Component: Designator=R17(RES0805)
Added Component: Designator=R18(RES0805)
Added Component: Designator=R19(RES0805)
Added Component: Designator=R20(RES0805)
Added Component: Designator=U1(DIP-4)
Added Component: Designator=U2(DIP-4)
Added Component: Designator=U3(SOT223-4M)
Added Component: Designator=U4(44A_N)
Added Component: Designator=U5(SIP14)
Added Component: Designator=U6(SOT223-4M)
Added Component: Designator=U10(SOIC8)
Added Component: Designator=X1(BCY-W2/E4.7)
Added Pin To Net: NetName=ADC0 Pin=P_ADC-1
Added Pin To Net: NetName=ADC0 Pin=U4-42
Added Net: Name=ADC0
Added Pin To Net: NetName=ADC1 Pin=P_ADC-2
Added Pin To Net: NetName=ADC1 Pin=U4-25
Added Net: Name=ADC1
Added Pin To Net: NetName=AREF Pin=U4-4
Added Net: Name=AREF
Added Pin To Net: NetName=AVCC3V3 Pin=C3-1
Added Pin To Net: NetName=AVCC3V3 Pin=C7-2
Added Pin To Net: NetName=AVCC3V3 Pin=L1-1
Added Pin To Net: NetName=AVCC3V3 Pin=U4-39
Added Net: Name=AVCC3V3
Added Pin To Net: NetName=DAC_CS Pin=R16-2
Added Pin To Net: NetName=DAC_CS Pin=U4-1
Added Net: Name=DAC_CS
Added Pin To Net: NetName=DAC_MOSI Pin=R12-2
Added Pin To Net: NetName=DAC_MOSI Pin=U4-2
Added Net: Name=DAC_MOSI
Added Pin To Net: NetName=DAC_SCK Pin=R14-2
Added Pin To Net: NetName=DAC_SCK Pin=U4-3
Added Net: Name=DAC_SCK
Added Pin To Net: NetName=GND Pin=C1-2
Added Pin To Net: NetName=GND Pin=C2-2
Added Pin To Net: NetName=GND Pin=C3-2
Added Pin To Net: NetName=GND Pin=C4-1
Added Pin To Net: NetName=GND Pin=C5-1
Added Pin To Net: NetName=GND Pin=C6-1
Added Pin To Net: NetName=GND Pin=C7-1
Added Pin To Net: NetName=GND Pin=C8-1
Added Pin To Net: NetName=GND Pin=C9-1
Added Pin To Net: NetName=GND Pin=C10-1
Added Pin To Net: NetName=GND Pin=D22-1
Added Pin To Net: NetName=GND Pin=D23-1
Added Pin To Net: NetName=GND Pin=D24-3
Added Pin To Net: NetName=GND Pin=P4-2
Added Pin To Net: NetName=GND Pin=P5-8
Added Pin To Net: NetName=GND Pin=P5-9
Added Pin To Net: NetName=GND Pin=P5-10
Added Pin To Net: NetName=GND Pin=P_ADC-3
Added Pin To Net: NetName=GND Pin=P_ENCODER-4
Added Pin To Net: NetName=GND Pin=PDI P1-6
Added Pin To Net: NetName=GND Pin=U1-2
Added Pin To Net: NetName=GND Pin=U2-2
Added Pin To Net: NetName=GND Pin=U3-1
Added Pin To Net: NetName=GND Pin=U4-8
Added Pin To Net: NetName=GND Pin=U4-18
Added Pin To Net: NetName=GND Pin=U4-30
Added Pin To Net: NetName=GND Pin=U4-38
Added Pin To Net: NetName=GND Pin=U5-2
Added Net: Name=GND
Added Pin To Net: NetName=IGND Pin=C11-2
Added Pin To Net: NetName=IGND Pin=C12-2
Added Pin To Net: NetName=IGND Pin=C13-1
Added Pin To Net: NetName=IGND Pin=C14-1
Added Pin To Net: NetName=IGND Pin=P1-2
Added Pin To Net: NetName=IGND Pin=Q1-2
Added Pin To Net: NetName=IGND Pin=Q2-2
Added Pin To Net: NetName=IGND Pin=R7-1
Added Pin To Net: NetName=IGND Pin=R15-2
Added Pin To Net: NetName=IGND Pin=R18-1
Added Pin To Net: NetName=IGND Pin=R19-1
Added Pin To Net: NetName=IGND Pin=R20-1
Added Pin To Net: NetName=IGND Pin=U5-5
Added Pin To Net: NetName=IGND Pin=U6-1
Added Pin To Net: NetName=IGND Pin=U10-5
Added Net: Name=IGND
Added Pin To Net: NetName=IVCC5V Pin=C12-1
Added Pin To Net: NetName=IVCC5V Pin=C13-2
Added Pin To Net: NetName=IVCC5V Pin=C14-2
Added Pin To Net: NetName=IVCC5V Pin=R9-2
Added Pin To Net: NetName=IVCC5V Pin=R10-2
Added Pin To Net: NetName=IVCC5V Pin=R11-2
Added Pin To Net: NetName=IVCC5V Pin=U1-4
Added Pin To Net: NetName=IVCC5V Pin=U2-4
Added Pin To Net: NetName=IVCC5V Pin=U6-2
Added Pin To Net: NetName=IVCC5V Pin=U6-4
Added Pin To Net: NetName=IVCC5V Pin=U10-8
Added Net: Name=IVCC5V
Added Pin To Net: NetName=IVCC12V Pin=C11-1
Added Pin To Net: NetName=IVCC12V Pin=D1-2
Added Pin To Net: NetName=IVCC12V Pin=D2-2
Added Pin To Net: NetName=IVCC12V Pin=K1-5
Added Pin To Net: NetName=IVCC12V Pin=K2-5
Added Pin To Net: NetName=IVCC12V Pin=R6-2
Added Pin To Net: NetName=IVCC12V Pin=U5-6
Added Pin To Net: NetName=IVCC12V Pin=U5-7
Added Pin To Net: NetName=IVCC12V Pin=U6-3
Added Net: Name=IVCC12V
Added Pin To Net: NetName=MISO Pin=U4-44
Added Net: Name=MISO
Added Pin To Net: NetName=NetC9_2 Pin=C9-2
Added Pin To Net: NetName=NetC9_2 Pin=U4-37
Added Pin To Net: NetName=NetC9_2 Pin=X1-1
Added Net: Name=NetC9_2
Added Pin To Net: NetName=NetC10_2 Pin=C10-2
Added Pin To Net: NetName=NetC10_2 Pin=U4-36
Added Pin To Net: NetName=NetC10_2 Pin=X1-2
Added Net: Name=NetC10_2
Added Pin To Net: NetName=NetD1_1 Pin=D1-1
Added Pin To Net: NetName=NetD1_1 Pin=K1-2
Added Pin To Net: NetName=NetD1_1 Pin=Q1-3
Added Net: Name=NetD1_1
Added Pin To Net: NetName=NetD2_1 Pin=D2-1
Added Pin To Net: NetName=NetD2_1 Pin=K2-2
Added Pin To Net: NetName=NetD2_1 Pin=Q2-3
Added Net: Name=NetD2_1
Added Pin To Net: NetName=NetK1_1 Pin=K1-1
Added Pin To Net: NetName=NetK1_1 Pin=P2-1
Added Net: Name=NetK1_1
Added Pin To Net: NetName=NetK1_3 Pin=K1-3
Added Pin To Net: NetName=NetK1_3 Pin=P2-3
Added Net: Name=NetK1_3
Added Pin To Net: NetName=NetK1_4 Pin=K1-4
Added Pin To Net: NetName=NetK1_4 Pin=P2-2
Added Net: Name=NetK1_4
Added Pin To Net: NetName=NetK2_1 Pin=K2-1
Added Pin To Net: NetName=NetK2_1 Pin=P3-1
Added Net: Name=NetK2_1
Added Pin To Net: NetName=NetK2_3 Pin=K2-3
Added Pin To Net: NetName=NetK2_3 Pin=P3-3
Added Net: Name=NetK2_3
Added Pin To Net: NetName=NetK2_4 Pin=K2-4
Added Pin To Net: NetName=NetK2_4 Pin=P3-2
Added Net: Name=NetK2_4
Added Pin To Net: NetName=NetP1_1 Pin=P1-1
Added Net: Name=NetP1_1
Added Pin To Net: NetName=NetQ1_1 Pin=Q1-1
Added Pin To Net: NetName=NetQ1_1 Pin=R3-2
Added Net: Name=NetQ1_1
Added Pin To Net: NetName=NetQ2_1 Pin=Q2-1
Added Pin To Net: NetName=NetQ2_1 Pin=R4-2
Added Net: Name=NetQ2_1
Added Pin To Net: NetName=NetR1_2 Pin=R1-2
Added Pin To Net: NetName=NetR1_2 Pin=U1-1
Added Net: Name=NetR1_2
Added Pin To Net: NetName=NetR2_2 Pin=R2-2
Added Pin To Net: NetName=NetR2_2 Pin=U2-1
Added Net: Name=NetR2_2
Added Pin To Net: NetName=NetR3_1 Pin=R3-1
Added Pin To Net: NetName=NetR3_1 Pin=U1-3
Added Net: Name=NetR3_1
Added Pin To Net: NetName=NetR4_1 Pin=R4-1
Added Pin To Net: NetName=NetR4_1 Pin=U2-3
Added Net: Name=NetR4_1
Added Pin To Net: NetName=NetR6_1 Pin=R6-1
Added Pin To Net: NetName=NetR6_1 Pin=R8-2
Added Net: Name=NetR6_1
Added Pin To Net: NetName=NetR9_1 Pin=R9-1
Added Pin To Net: NetName=NetR9_1 Pin=U10-1
Added Net: Name=NetR9_1
Added Pin To Net: NetName=NetR10_1 Pin=R10-1
Added Pin To Net: NetName=NetR10_1 Pin=U10-2
Added Net: Name=NetR10_1
Added Pin To Net: NetName=NetR11_1 Pin=R11-1
Added Pin To Net: NetName=NetR11_1 Pin=U10-3
Added Net: Name=NetR11_1
Added Pin To Net: NetName=NetR12_1 Pin=R12-1
Added Net: Name=NetR12_1
Added Pin To Net: NetName=NetR13_1 Pin=R13-1
Added Net: Name=NetR13_1
Added Pin To Net: NetName=NetR13_2 Pin=R13-2
Added Pin To Net: NetName=NetR13_2 Pin=R15-1
Added Pin To Net: NetName=NetR13_2 Pin=U10-7
Added Net: Name=NetR13_2
Added Pin To Net: NetName=NetR14_1 Pin=R14-1
Added Net: Name=NetR14_1
Added Pin To Net: NetName=NetR16_1 Pin=R16-1
Added Net: Name=NetR16_1
Added Pin To Net: NetName=NetR17_1 Pin=R17-1
Added Net: Name=NetR17_1
Added Pin To Net: NetName=NetR18_2 Pin=R18-2
Added Net: Name=NetR18_2
Added Pin To Net: NetName=NetR19_2 Pin=R19-2
Added Net: Name=NetR19_2
Added Pin To Net: NetName=NetR20_2 Pin=R20-2
Added Net: Name=NetR20_2
Added Pin To Net: NetName=PDI_CLK Pin=C8-2
Added Pin To Net: NetName=PDI_CLK Pin=PDI P1-5
Added Pin To Net: NetName=PDI_CLK Pin=R5-1
Added Pin To Net: NetName=PDI_CLK Pin=U4-35
Added Net: Name=PDI_CLK
Added Pin To Net: NetName=PDI_DATA Pin=PDI P1-1
Added Pin To Net: NetName=PDI_DATA Pin=U4-34
Added Net: Name=PDI_DATA
Added Pin To Net: NetName=QUAD_A Pin=P_ENCODER-2
Added Pin To Net: NetName=QUAD_A Pin=U4-10
Added Net: Name=QUAD_A
Added Pin To Net: NetName=QUAD_B Pin=P_ENCODER-3
Added Pin To Net: NetName=QUAD_B Pin=U4-11
Added Net: Name=QUAD_B
Added Pin To Net: NetName=REF0.25V Pin=R7-2
Added Pin To Net: NetName=REF0.25V Pin=R8-1
Added Pin To Net: NetName=REF0.25V Pin=U10-6
Added Net: Name=REF0.25V
Added Pin To Net: NetName=RELAY1 Pin=R1-1
Added Pin To Net: NetName=RELAY1 Pin=U4-40
Added Net: Name=RELAY1
Added Pin To Net: NetName=RELAY2 Pin=R2-1
Added Pin To Net: NetName=RELAY2 Pin=U4-41
Added Net: Name=RELAY2
Added Pin To Net: NetName=USART_RX Pin=D23-3
Added Pin To Net: NetName=USART_RX Pin=D24-2
Added Pin To Net: NetName=USART_RX Pin=P5-6
Added Pin To Net: NetName=USART_RX Pin=U4-32
Added Net: Name=USART_RX
Added Pin To Net: NetName=USART_TX Pin=D22-3
Added Pin To Net: NetName=USART_TX Pin=D24-1
Added Pin To Net: NetName=USART_TX Pin=P5-5
Added Pin To Net: NetName=USART_TX Pin=U4-33
Added Net: Name=USART_TX
Added Pin To Net: NetName=VCC3V3 Pin=C1-1
Added Pin To Net: NetName=VCC3V3 Pin=C2-1
Added Pin To Net: NetName=VCC3V3 Pin=C4-2
Added Pin To Net: NetName=VCC3V3 Pin=C5-2
Added Pin To Net: NetName=VCC3V3 Pin=C6-2
Added Pin To Net: NetName=VCC3V3 Pin=L1-2
Added Pin To Net: NetName=VCC3V3 Pin=PDI P1-2
Added Pin To Net: NetName=VCC3V3 Pin=R5-2
Added Pin To Net: NetName=VCC3V3 Pin=U3-2
Added Pin To Net: NetName=VCC3V3 Pin=U3-4
Added Pin To Net: NetName=VCC3V3 Pin=U4-9
Added Pin To Net: NetName=VCC3V3 Pin=U4-19
Added Pin To Net: NetName=VCC3V3 Pin=U4-31
Added Net: Name=VCC3V3
Added Pin To Net: NetName=VCC5V Pin=D22-2
Added Pin To Net: NetName=VCC5V Pin=D23-2
Added Pin To Net: NetName=VCC5V Pin=P4-1
Added Pin To Net: NetName=VCC5V Pin=P5-1
Added Pin To Net: NetName=VCC5V Pin=P5-2
Added Pin To Net: NetName=VCC5V Pin=P5-3
Added Pin To Net: NetName=VCC5V Pin=P_ENCODER-1
Added Pin To Net: NetName=VCC5V Pin=U3-3
Added Pin To Net: NetName=VCC5V Pin=U5-1
Added Net: Name=VCC5V
Added Class: Name=Designator
Added Class: Name=main
Added Class: Name=Xmega
Added Room: Name=Designator
Added Room: Name=main
Added Room: Name=Xmega
